<?xml version="1.0" encoding="UTF-8"?>
<!-- Generated by org.testng.reporters.JUnitReportReporter -->
<testsuite skipped="0" hostname="paky-HP" name="Examples.NewTest2" tests="1" failures="0" timestamp="28 Sep 2018 13:37:53 GMT" time="0.003" errors="0">
  <testcase name="f" time="0.003" classname="Examples.NewTest2"/>
</testsuite> <!-- Examples.NewTest2 -->
